Arguments: 
  /Users/hyjang/.nvm/versions/node/v14.15.5/bin/node /usr/local/bin/yarn add axioa

PATH: 
  /Users/hyjang/.nvm/versions/node/v14.15.5/bin:/Library/Frameworks/Python.framework/Versions/3.6/bin:/Library/Frameworks/Python.framework/Versions/3.8/bin:/usr/local/bin:/usr/bin:/bin:/usr/sbin:/sbin:/usr/local/share/dotnet:~/.dotnet/tools:/Library/Frameworks/Mono.framework/Versions/Current/Commands:/Applications/Postgres.app/Contents/Versions/latest/bin:/Users/hyjang/.sdkman/candidates/gradle/current/bin:/Library/Frameworks/Python.framework/Versions/3.6/bin:/Library/Frameworks/Python.framework/Versions/3.8/bin:/Library/Java/JavaVirtualMachines/jdk-11.0.9.jdk/Contents/Home/bin:/opt/gradle/gradle-6.4.1/bin:/Library/Java/JavaVirtualMachines/jdk-11.0.9.jdk/Contents/Home/bin:/opt/gradle/gradle-6.4.1/bin

Yarn version: 
  1.22.0

Node version: 
  14.15.5

Platform: 
  darwin x64

Trace: 
  Error: https://registry.yarnpkg.com/axioa: Not found
      at Request.params.callback [as _callback] (/usr/local/lib/node_modules/yarn/lib/cli.js:66975:18)
      at Request.self.callback (/usr/local/lib/node_modules/yarn/lib/cli.js:140727:22)
      at Request.emit (events.js:315:20)
      at Request.<anonymous> (/usr/local/lib/node_modules/yarn/lib/cli.js:141699:10)
      at Request.emit (events.js:315:20)
      at IncomingMessage.<anonymous> (/usr/local/lib/node_modules/yarn/lib/cli.js:141621:12)
      at Object.onceWrapper (events.js:421:28)
      at IncomingMessage.emit (events.js:327:22)
      at endReadableNT (internal/streams/readable.js:1327:12)
      at processTicksAndRejections (internal/process/task_queues.js:80:21)

npm manifest: 
  {
    "name": "movieql",
    "version": "1.0.0",
    "description": "Movie API with Graphql",
    "main": "index.js",
    "author": "heeyou",
    "license": "MIT",
    "dependencies": {
      "@types/ws": "^7.4.0",
      "concurrently": "^6.0.0",
      "graphql-yoga": "^1.18.3",
      "nodemon": "^2.0.7"
    },
    "scripts": {
      "start:build": "tsc -w",
      "start:run": "nodemon --exec babel-node build/index.js",
      "start": "concurrently yarn:start:*"
    },
    "devDependencies": {
      "babel-cli": "^6.26.0",
      "babel-preset-env": "^1.7.0",
      "babel-preset-stage-3": "^6.24.1"
    }
  }

yarn manifest: 
  No manifest

Lockfile: 
  No lockfile
